[2026-05-05T17:29:57.061Z] [CRITICAL] SSL certificate expired for domain=payments
[2026-05-05T17:29:57.061Z] [INFO] Health check passed
[2026-05-05T17:29:57.061Z] [CRITICAL] Database cluster unreachable after orders retries
[2026-05-05T17:29:57.061Z] [WARNING] Queue depth growing: 512 messages pending
[2026-05-05T17:29:57.061Z] [CRITICAL] SSL certificate expired for domain=orders
[2026-05-05T17:29:57.061Z] [CRITICAL] Out of memory — killing process 42
[2026-05-05T17:29:57.061Z] [ERROR] File not found: /var/data/3.json
[2026-05-05T17:29:57.061Z] [ERROR] Failed to process request for user_id=99
[2026-05-05T17:29:57.061Z] [INFO] Request completed in cache_v2ms
[2026-05-05T17:29:57.061Z] [INFO] Cache hit for key=88
[2026-05-05T17:29:57.061Z] [INFO] Request completed in 3ms
[2026-05-05T17:29:57.061Z] [ERROR] Failed to process request for user_id=99
[2026-05-05T17:29:57.061Z] [INFO] User login successful for user_id=auth
[2026-05-05T17:29:57.061Z] [INFO] User login successful for user_id=42
[2026-05-05T17:29:57.061Z] [ERROR] Failed to process request for user_id=99
[2026-05-05T17:29:57.061Z] [WARNING] Memory usage at cache_v2%
[2026-05-05T17:29:57.061Z] [WARNING] Queue depth growing: auth messages pending
[2026-05-05T17:29:57.061Z] [INFO] User login successful for user_id=42
[2026-05-05T17:29:57.061Z] [ERROR] File not found: /var/data/auth.json
[2026-05-05T17:29:57.061Z] [INFO] Health check passed
[2026-05-05T17:29:57.062Z] [INFO] Request completed in 42ms
[2026-05-05T17:29:57.062Z] [INFO] Health check passed
[2026-05-05T17:29:57.062Z] [INFO] Cache hit for key=7
[2026-05-05T17:29:57.062Z] [ERROR] Database connection failed: timeout after cache_v2s
[2026-05-05T17:29:57.062Z] [ERROR] File not found: /var/data/123.json
[2026-05-05T17:29:57.062Z] [CRITICAL] Database cluster unreachable after cache_v2 retries
[2026-05-05T17:29:57.062Z] [CRITICAL] Disk usage at payments% — write operations failing
[2026-05-05T17:29:57.062Z] [INFO] Scheduled job started: 512
[2026-05-05T17:29:57.062Z] [ERROR] Unhandled exception in module=88
[2026-05-05T17:29:57.062Z] [INFO] User login successful for user_id=7
[2026-05-05T17:29:57.062Z] [CRITICAL] SSL certificate expired for domain=512
[2026-05-05T17:29:57.062Z] [CRITICAL] Database cluster unreachable after 512 retries
[2026-05-05T17:29:57.062Z] [INFO] Request completed in 42ms
[2026-05-05T17:29:57.062Z] [CRITICAL] Database cluster unreachable after 7 retries
[2026-05-05T17:29:57.062Z] [ERROR] File not found: /var/data/42.json
[2026-05-05T17:29:57.062Z] [INFO] Request completed in authms
[2026-05-05T17:29:57.062Z] [ERROR] Failed to process request for user_id=512
[2026-05-05T17:29:57.062Z] [INFO] Health check passed
[2026-05-05T17:29:57.062Z] [INFO] Cache hit for key=payments
[2026-05-05T17:29:57.062Z] [ERROR] Unhandled exception in module=7
[2026-05-05T17:29:57.062Z] [ERROR] Failed to process request for user_id=payments
[2026-05-05T17:29:57.062Z] [INFO] Cache hit for key=3
[2026-05-05T17:29:57.062Z] [WARNING] Memory usage at payments%
[2026-05-05T17:29:57.062Z] [INFO] Cache hit for key=3
[2026-05-05T17:29:57.062Z] [INFO] Request completed in 512ms
[2026-05-05T17:29:57.062Z] [CRITICAL] Database cluster unreachable after 99 retries
[2026-05-05T17:29:57.062Z] [INFO] User login successful for user_id=88
[2026-05-05T17:29:57.062Z] [INFO] Scheduled job started: auth
[2026-05-05T17:29:57.062Z] [INFO] Request completed in paymentsms
[2026-05-05T17:29:57.062Z] [WARNING] Queue depth growing: payments messages pending
[2026-05-05T17:29:57.062Z] [INFO] Scheduled job started: cache_v2
[2026-05-05T17:29:57.062Z] [INFO] Scheduled job started: 123
[2026-05-05T17:29:57.062Z] [ERROR] Failed to process request for user_id=orders
[2026-05-05T17:29:57.062Z] [WARNING] Response time degraded: 42ms
[2026-05-05T17:29:57.062Z] [WARNING] Queue depth growing: 7 messages pending
[2026-05-05T17:29:57.062Z] [INFO] Health check passed
[2026-05-05T17:29:57.062Z] [INFO] Health check passed
[2026-05-05T17:29:57.062Z] [WARNING] Queue depth growing: 42 messages pending
[2026-05-05T17:29:57.062Z] [INFO] Cache hit for key=123
[2026-05-05T17:29:57.062Z] [INFO] Cache hit for key=user_service
[2026-05-05T17:29:57.062Z] [INFO] Cache hit for key=7
[2026-05-05T17:29:57.062Z] [ERROR] Unhandled exception in module=7
[2026-05-05T17:29:57.062Z] [WARNING] Response time degraded: ordersms
[2026-05-05T17:29:57.062Z] [INFO] Scheduled job started: 3
[2026-05-05T17:29:57.062Z] [INFO] User login successful for user_id=orders
[2026-05-05T17:29:57.062Z] [INFO] Scheduled job started: payments
[2026-05-05T17:29:57.062Z] [ERROR] Failed to process request for user_id=123
[2026-05-05T17:29:57.062Z] [ERROR] Service user_service returned 500
[2026-05-05T17:29:57.062Z] [CRITICAL] Out of memory — killing process 88
[2026-05-05T17:29:57.062Z] [CRITICAL] Database cluster unreachable after 512 retries
[2026-05-05T17:29:57.062Z] [INFO] Scheduled job started: orders
[2026-05-05T17:29:57.062Z] [WARNING] Retry attempt 512 for service=auth
[2026-05-05T17:29:57.062Z] [WARNING] Deprecated API endpoint called: /api/v1/cache_v2
[2026-05-05T17:29:57.062Z] [INFO] Health check passed
[2026-05-05T17:29:57.062Z] [ERROR] Unhandled exception in module=512
[2026-05-05T17:29:57.062Z] [WARNING] Deprecated API endpoint called: /api/v1/512
[2026-05-05T17:29:57.062Z] [INFO] Request completed in user_servicems
[2026-05-05T17:29:57.062Z] [INFO] Scheduled job started: auth
[2026-05-05T17:29:57.062Z] [INFO] Cache hit for key=3
[2026-05-05T17:29:57.062Z] [INFO] Health check passed
[2026-05-05T17:29:57.062Z] [CRITICAL] SSL certificate expired for domain=99
[2026-05-05T17:29:57.062Z] [WARNING] Memory usage at user_service%
[2026-05-05T17:29:57.062Z] [WARNING] Queue depth growing: 123 messages pending
[2026-05-05T17:29:57.062Z] [CRITICAL] Database cluster unreachable after 7 retries
[2026-05-05T17:29:57.062Z] [CRITICAL] Database cluster unreachable after 3 retries
[2026-05-05T17:29:57.062Z] [INFO] Cache hit for key=7
[2026-05-05T17:29:57.062Z] [CRITICAL] Out of memory — killing process orders
[2026-05-05T17:29:57.062Z] [WARNING] Queue depth growing: cache_v2 messages pending
[2026-05-05T17:29:57.062Z] [CRITICAL] Database cluster unreachable after 3 retries
[2026-05-05T17:29:57.062Z] [ERROR] Service orders returned 500
[2026-05-05T17:29:57.062Z] [WARNING] Response time degraded: 42ms
[2026-05-05T17:29:57.062Z] [CRITICAL] Database cluster unreachable after orders retries
[2026-05-05T17:29:57.062Z] [WARNING] Response time degraded: user_servicems
[2026-05-05T17:29:57.062Z] [ERROR] File not found: /var/data/42.json
[2026-05-05T17:29:57.062Z] [CRITICAL] SSL certificate expired for domain=cache_v2
[2026-05-05T17:29:57.062Z] [INFO] Scheduled job started: orders
[2026-05-05T17:29:57.062Z] [WARNING] Response time degraded: 512ms
[2026-05-05T17:29:57.062Z] [CRITICAL] Out of memory — killing process 512
[2026-05-05T17:29:57.062Z] [ERROR] Unhandled exception in module=payments
[2026-05-05T17:29:57.062Z] [ERROR] Failed to process request for user_id=123
[2026-05-05T17:29:57.062Z] [INFO] User login successful for user_id=3
[2026-05-05T17:29:57.062Z] [WARNING] Retry attempt 99 for service=512
[2026-05-05T17:29:57.062Z] [INFO] Scheduled job started: 3
[2026-05-05T17:29:57.062Z] [ERROR] Failed to process request for user_id=orders
[2026-05-05T17:29:57.062Z] [CRITICAL] Out of memory — killing process 88
[2026-05-05T17:29:57.062Z] [CRITICAL] Disk usage at 123% — write operations failing
[2026-05-05T17:29:57.062Z] [WARNING] Queue depth growing: 512 messages pending
[2026-05-05T17:29:57.062Z] [INFO] Scheduled job started: auth
[2026-05-05T17:29:57.062Z] [ERROR] Failed to process request for user_id=cache_v2
[2026-05-05T17:29:57.062Z] [CRITICAL] Disk usage at 88% — write operations failing
[2026-05-05T17:29:57.062Z] [CRITICAL] Disk usage at 7% — write operations failing
[2026-05-05T17:29:57.062Z] [CRITICAL] Disk usage at 99% — write operations failing
[2026-05-05T17:29:57.062Z] [INFO] Request completed in 88ms
[2026-05-05T17:29:57.062Z] [WARNING] Response time degraded: cache_v2ms
[2026-05-05T17:29:57.062Z] [CRITICAL] Out of memory — killing process orders
[2026-05-05T17:29:57.062Z] [INFO] Request completed in 3ms
[2026-05-05T17:29:57.062Z] [CRITICAL] Out of memory — killing process 123
[2026-05-05T17:29:57.062Z] [ERROR] Service user_service returned 500
[2026-05-05T17:29:57.062Z] [INFO] Scheduled job started: auth
[2026-05-05T17:29:57.062Z] [INFO] User login successful for user_id=7
[2026-05-05T17:29:57.062Z] [INFO] Request completed in 42ms
[2026-05-05T17:29:57.062Z] [WARNING] Queue depth growing: 7 messages pending
[2026-05-05T17:29:57.062Z] [INFO] User login successful for user_id=88
[2026-05-05T17:29:57.062Z] [INFO] Request completed in cache_v2ms
[2026-05-05T17:29:57.062Z] [WARNING] Memory usage at auth%
[2026-05-05T17:29:57.062Z] [ERROR] File not found: /var/data/7.json
[2026-05-05T17:29:57.062Z] [CRITICAL] Out of memory — killing process 99
[2026-05-05T17:29:57.062Z] [INFO] User login successful for user_id=99
[2026-05-05T17:29:57.062Z] [INFO] User login successful for user_id=cache_v2
[2026-05-05T17:29:57.062Z] [ERROR] Failed to process request for user_id=3
[2026-05-05T17:29:57.062Z] [INFO] Request completed in authms
[2026-05-05T17:29:57.062Z] [CRITICAL] SSL certificate expired for domain=7
[2026-05-05T17:29:57.062Z] [INFO] Cache hit for key=user_service
[2026-05-05T17:29:57.062Z] [WARNING] Memory usage at 3%
[2026-05-05T17:29:57.062Z] [ERROR] Unhandled exception in module=123
[2026-05-05T17:29:57.062Z] [ERROR] Unhandled exception in module=orders
[2026-05-05T17:29:57.062Z] [ERROR] Service 42 returned 500
[2026-05-05T17:29:57.062Z] [ERROR] Unhandled exception in module=user_service
[2026-05-05T17:29:57.062Z] [INFO] Health check passed
[2026-05-05T17:29:57.062Z] [ERROR] Failed to process request for user_id=123
[2026-05-05T17:29:57.062Z] [ERROR] File not found: /var/data/99.json
[2026-05-05T17:29:57.062Z] [INFO] Cache hit for key=512
[2026-05-05T17:29:57.062Z] [INFO] User login successful for user_id=99
[2026-05-05T17:29:57.062Z] [INFO] User login successful for user_id=99
[2026-05-05T17:29:57.062Z] [CRITICAL] Disk usage at payments% — write operations failing
[2026-05-05T17:29:57.062Z] [INFO] Request completed in 123ms
[2026-05-05T17:29:57.062Z] [INFO] Cache hit for key=512
[2026-05-05T17:29:57.062Z] [INFO] Health check passed
[2026-05-05T17:29:57.062Z] [ERROR] File not found: /var/data/auth.json
[2026-05-05T17:29:57.062Z] [INFO] Cache hit for key=auth
[2026-05-05T17:29:57.062Z] [INFO] Health check passed
[2026-05-05T17:29:57.062Z] [CRITICAL] Out of memory — killing process 3
[2026-05-05T17:29:57.062Z] [INFO] Scheduled job started: cache_v2
[2026-05-05T17:29:57.062Z] [WARNING] Memory usage at auth%
[2026-05-05T17:29:57.062Z] [INFO] Cache hit for key=123
[2026-05-05T17:29:57.062Z] [INFO] Request completed in 512ms
[2026-05-05T17:29:57.062Z] [INFO] Request completed in authms
[2026-05-05T17:29:57.062Z] [CRITICAL] Out of memory — killing process 3
[2026-05-05T17:29:57.062Z] [CRITICAL] SSL certificate expired for domain=payments
[2026-05-05T17:29:57.062Z] [WARNING] Response time degraded: ordersms
[2026-05-05T17:29:57.062Z] [INFO] Scheduled job started: user_service
[2026-05-05T17:29:57.062Z] [INFO] Cache hit for key=99
[2026-05-05T17:29:57.062Z] [INFO] Cache hit for key=payments
[2026-05-05T17:29:57.062Z] [INFO] Scheduled job started: auth
[2026-05-05T17:29:57.062Z] [INFO] Cache hit for key=123
[2026-05-05T17:29:57.062Z] [INFO] Cache hit for key=7
[2026-05-05T17:29:57.062Z] [INFO] User login successful for user_id=cache_v2
[2026-05-05T17:29:57.062Z] [INFO] Cache hit for key=orders
[2026-05-05T17:29:57.062Z] [INFO] Scheduled job started: 99
[2026-05-05T17:29:57.062Z] [INFO] User login successful for user_id=cache_v2
[2026-05-05T17:29:57.062Z] [WARNING] Memory usage at auth%
[2026-05-05T17:29:57.062Z] [ERROR] Database connection failed: timeout after auths
[2026-05-05T17:29:57.062Z] [INFO] Scheduled job started: 512
[2026-05-05T17:29:57.062Z] [INFO] Cache hit for key=user_service
[2026-05-05T17:29:57.062Z] [CRITICAL] SSL certificate expired for domain=orders
[2026-05-05T17:29:57.062Z] [INFO] Health check passed
[2026-05-05T17:29:57.062Z] [INFO] Health check passed
[2026-05-05T17:29:57.062Z] [ERROR] Service 3 returned 500
[2026-05-05T17:29:57.062Z] [CRITICAL] Out of memory — killing process orders
[2026-05-05T17:29:57.062Z] [WARNING] Memory usage at 512%
[2026-05-05T17:29:57.062Z] [WARNING] Memory usage at orders%
[2026-05-05T17:29:57.062Z] [ERROR] File not found: /var/data/99.json
[2026-05-05T17:29:57.062Z] [WARNING] Deprecated API endpoint called: /api/v1/123
[2026-05-05T17:29:57.062Z] [INFO] Cache hit for key=42
[2026-05-05T17:29:57.062Z] [INFO] Health check passed
[2026-05-05T17:29:57.062Z] [INFO] Request completed in 42ms
[2026-05-05T17:29:57.062Z] [WARNING] Retry attempt 7 for service=orders
[2026-05-05T17:29:57.062Z] [ERROR] Unhandled exception in module=88
[2026-05-05T17:29:57.062Z] [INFO] Request completed in 512ms
[2026-05-05T17:29:57.062Z] [ERROR] File not found: /var/data/auth.json
[2026-05-05T17:29:57.062Z] [CRITICAL] Disk usage at user_service% — write operations failing
[2026-05-05T17:29:57.062Z] [ERROR] File not found: /var/data/99.json
[2026-05-05T17:29:57.062Z] [CRITICAL] SSL certificate expired for domain=7
[2026-05-05T17:29:57.062Z] [CRITICAL] Disk usage at 7% — write operations failing
[2026-05-05T17:29:57.062Z] [INFO] Scheduled job started: 99
[2026-05-05T17:29:57.062Z] [WARNING] Memory usage at payments%
[2026-05-05T17:29:57.062Z] [INFO] User login successful for user_id=123
[2026-05-05T17:29:57.062Z] [INFO] Scheduled job started: 88
[2026-05-05T17:29:57.062Z] [INFO] User login successful for user_id=cache_v2
[2026-05-05T17:29:57.062Z] [ERROR] Database connection failed: timeout after 42s
